<?xml version="1.0" encoding="UTF-8"?>
<testsuite name="bc.bg.tools.chronos.configuration.SampleActuatorNoWebApplicationTests" time="0" tests="1" errors="0" skipped="1" failures="0">
  <properties>
    <property name="java.runtime.name" value="Java(TM) SE Runtime Environment"/>
    <property name="sun.boot.library.path" value="E:\Eclipse\java\jre\bin"/>
    <property name="java.vm.version" value="25.51-b03"/>
    <property name="java.vm.vendor" value="Oracle Corporation"/>
    <property name="maven.multiModuleProjectDirectory" value="C:\Users\aswor\Documents\EclipseWorkspace\chronos\bc-chronos-configuration"/>
    <property name="java.vendor.url" value="http://java.oracle.com/"/>
    <property name="path.separator" value=";"/>
    <property name="guice.disable.misplaced.annotation.check" value="true"/>
    <property name="java.vm.name" value="Java HotSpot(TM) 64-Bit Server VM"/>
    <property name="file.encoding.pkg" value="sun.io"/>
    <property name="user.script" value=""/>
    <property name="user.country" value="US"/>
    <property name="sun.java.launcher" value="SUN_STANDARD"/>
    <property name="sun.os.patch.level" value=""/>
    <property name="java.vm.specification.name" value="Java Virtual Machine Specification"/>
    <property name="user.dir" value="C:\Users\aswor\Documents\EclipseWorkspace\chronos\bc-chronos-configuration"/>
    <property name="java.runtime.version" value="1.8.0_51-b16"/>
    <property name="java.awt.graphicsenv" value="sun.awt.Win32GraphicsEnvironment"/>
    <property name="java.endorsed.dirs" value="E:\Eclipse\java\jre\lib\endorsed"/>
    <property name="os.arch" value="amd64"/>
    <property name="java.io.tmpdir" value="C:\Users\aswor\AppData\Local\Temp\"/>
    <property name="line.separator" value="&#10;"/>
    <property name="java.vm.specification.vendor" value="Oracle Corporation"/>
    <property name="user.variant" value=""/>
    <property name="os.name" value="Windows 8.1"/>
    <property name="classworlds.conf" value="C:\Users\aswor\Documents\EclipseWorkspace\.metadata\.plugins\org.eclipse.m2e.launching\launches\m2conf6161399963797077696.tmp"/>
    <property name="sun.jnu.encoding" value="Cp1251"/>
    <property name="java.library.path" value="E:\Eclipse\java\bin;C:\WINDOWS\Sun\Java\bin;C:\WINDOWS\system32;C:\WINDOWS;C:\ProgramData\Oracle\Java\javapath;C:\Windows\system32;C:\Windows;C:\Windows\System32\Wbem;C:\Windows\System32\WindowsPowerShell\v1.0\;C:\Program Files (x86)\NVIDIA Corporation\PhysX\Common;C:\Users\aswor\.dnx\bin;C:\Program Files\Microsoft DNX\Dnvm\;C:\Program Files\Microsoft SQL Server\120\Tools\Binn\;C:\Program Files\Microsoft SQL Server\130\Tools\Binn\;C:\Program Files\Java\jdk1.8.0_91\bin;C:\WINDOWS\system32;C:\WINDOWS;C:\WINDOWS\System32\Wbem;C:\WINDOWS\System32\WindowsPowerShell\v1.0\;C:\Program Files (x86)\PuTTY\;C:\Program Files (x86)\Windows Kits\8.1\Windows Performance Toolkit\;C:\Program Files\Microsoft SQL Server\Client SDK\ODBC\110\Tools\Binn\;C:\Program Files (x86)\Microsoft SQL Server\120\Tools\Binn\;C:\Program Files\Microsoft SQL Server\120\DTS\Binn\;C:\Program Files (x86)\Microsoft SQL Server\120\Tools\Binn\ManagementStudio\;C:\Program Files (x86)\Microsoft SQL Server\120\DTS\Binn\;C:\Program Files (x86)\Skype\Phone\;C:\Program Files\Git\cmd;C:\Users\aswor\AppData\Local\Microsoft\WindowsApps;C:\Program Files\Docker Toolbox;C:\Program Files\MavenExternal\apache-maven-3.3.9\bin;."/>
    <property name="java.specification.name" value="Java Platform API Specification"/>
    <property name="java.class.version" value="52.0"/>
    <property name="sun.management.compiler" value="HotSpot 64-Bit Tiered Compilers"/>
    <property name="os.version" value="6.3"/>
    <property name="user.home" value="C:\Users\aswor"/>
    <property name="user.timezone" value="Europe/Helsinki"/>
    <property name="java.awt.printerjob" value="sun.awt.windows.WPrinterJob"/>
    <property name="java.specification.version" value="1.8"/>
    <property name="file.encoding" value="Cp1251"/>
    <property name="user.name" value="aswor"/>
    <property name="java.class.path" value="C:\Program Files\MavenExternal\apache-maven-3.3.9\boot\plexus-classworlds-2.5.2.jar"/>
    <property name="java.vm.specification.version" value="1.8"/>
    <property name="sun.arch.data.model" value="64"/>
    <property name="java.home" value="E:\Eclipse\java\jre"/>
    <property name="sun.java.command" value="org.codehaus.plexus.classworlds.launcher.Launcher -B install"/>
    <property name="java.specification.vendor" value="Oracle Corporation"/>
    <property name="user.language" value="en"/>
    <property name="awt.toolkit" value="sun.awt.windows.WToolkit"/>
    <property name="java.vm.info" value="mixed mode"/>
    <property name="java.version" value="1.8.0_51"/>
    <property name="java.ext.dirs" value="E:\Eclipse\java\jre\lib\ext;C:\WINDOWS\Sun\Java\lib\ext"/>
    <property name="sun.boot.class.path" value="E:\Eclipse\java\jre\lib\resources.jar;E:\Eclipse\java\jre\lib\rt.jar;E:\Eclipse\java\jre\lib\sunrsasign.jar;E:\Eclipse\java\jre\lib\jsse.jar;E:\Eclipse\java\jre\lib\jce.jar;E:\Eclipse\java\jre\lib\charsets.jar;E:\Eclipse\java\jre\lib\jfr.jar;E:\Eclipse\java\jre\classes"/>
    <property name="java.vendor" value="Oracle Corporation"/>
    <property name="maven.home" value="C:\Program Files\MavenExternal\apache-maven-3.3.9"/>
    <property name="file.separator" value="\"/>
    <property name="java.vendor.url.bug" value="http://bugreport.sun.com/bugreport/"/>
    <property name="sun.cpu.endian" value="little"/>
    <property name="sun.io.unicode.encoding" value="UnicodeLittle"/>
    <property name="sun.desktop" value="windows"/>
    <property name="sun.cpu.isalist" value="amd64"/>
  </properties>
  <testcase name="endpointsExist" classname="bc.bg.tools.chronos.configuration.SampleActuatorNoWebApplicationTests" time="0">
    <skipped/>
    <system-out><![CDATA[17:16:11.175 [main] DEBUG org.springframework.test.context.junit4.SpringJUnit4ClassRunner - SpringJUnit4ClassRunner constructor called with [class bc.bg.tools.chronos.configuration.SampleActuatorNoWebApplicationTests]
17:16:11.175 [main] DEBUG org.springframework.test.context.BootstrapUtils - Instantiating CacheAwareContextLoaderDelegate from class [org.springframework.test.context.cache.DefaultCacheAwareContextLoaderDelegate]
17:16:11.196 [main] DEBUG org.springframework.test.context.BootstrapUtils - Instantiating BootstrapContext using constructor [public org.springframework.test.context.support.DefaultBootstrapContext(java.lang.Class,org.springframework.test.context.CacheAwareContextLoaderDelegate)]
17:16:11.196 [main] DEBUG org.springframework.test.context.BootstrapUtils - Instantiating TestContextBootstrapper for test class [bc.bg.tools.chronos.configuration.SampleActuatorNoWebApplicationTests] from class [org.springframework.test.context.support.DefaultTestContextBootstrapper]
17:16:11.227 [main] INFO org.springframework.test.context.support.DefaultTestContextBootstrapper - Neither @ContextConfiguration nor @ContextHierarchy found for test class [bc.bg.tools.chronos.configuration.SampleActuatorNoWebApplicationTests], using DelegatingSmartContextLoader
17:16:11.227 [main] DEBUG org.springframework.test.context.support.AbstractDelegatingSmartContextLoader - Delegating to GenericXmlContextLoader to process context configuration [ContextConfigurationAttributes@28d25987 declaringClass = 'bc.bg.tools.chronos.configuration.SampleActuatorNoWebApplicationTests', classes = '{}', locations = '{}', inheritLocations = false, initializers = '{}', inheritInitializers = true, name = [null], contextLoaderClass = 'org.springframework.test.context.ContextLoader'].
17:16:11.227 [main] DEBUG org.springframework.test.context.support.AbstractContextLoader - Did not detect default resource location for test class [bc.bg.tools.chronos.configuration.SampleActuatorNoWebApplicationTests]: class path resource [bc/bg/tools/chronos/configuration/SampleActuatorNoWebApplicationTests-context.xml] does not exist
17:16:11.227 [main] INFO org.springframework.test.context.support.AbstractContextLoader - Could not detect default resource locations for test class [bc.bg.tools.chronos.configuration.SampleActuatorNoWebApplicationTests]: no resource found for suffixes {-context.xml}.
17:16:11.227 [main] DEBUG org.springframework.test.context.support.AbstractDelegatingSmartContextLoader - Delegating to AnnotationConfigContextLoader to process context configuration [ContextConfigurationAttributes@28d25987 declaringClass = 'bc.bg.tools.chronos.configuration.SampleActuatorNoWebApplicationTests', classes = '{}', locations = '{}', inheritLocations = false, initializers = '{}', inheritInitializers = true, name = [null], contextLoaderClass = 'org.springframework.test.context.ContextLoader'].
17:16:11.227 [main] INFO org.springframework.test.context.support.AnnotationConfigContextLoaderUtils - Could not detect default configuration classes for test class [bc.bg.tools.chronos.configuration.SampleActuatorNoWebApplicationTests]: SampleActuatorNoWebApplicationTests does not declare any static, non-private, non-final, nested classes annotated with @Configuration.
17:16:11.280 [main] DEBUG org.springframework.test.context.support.ActiveProfilesUtils - Could not find an 'annotation declaring class' for annotation type [org.springframework.test.context.ActiveProfiles] and class [bc.bg.tools.chronos.configuration.SampleActuatorNoWebApplicationTests]
17:16:11.296 [main] DEBUG org.springframework.test.context.support.DefaultTestContextBootstrapper - @TestExecutionListeners is not present for class [bc.bg.tools.chronos.configuration.SampleActuatorNoWebApplicationTests]: using defaults.
17:16:11.296 [main] INFO org.springframework.test.context.support.DefaultTestContextBootstrapper - Loaded default TestExecutionListener class names from location [META-INF/spring.factories]: [org.springframework.boot.test.mock.mockito.MockitoTestExecutionListener, org.springframework.boot.test.mock.mockito.ResetMocksTestExecutionListener, org.springframework.boot.test.autoconfigure.restdocs.RestDocsTestExecutionListener, org.springframework.boot.test.autoconfigure.web.client.MockRestServiceServerResetTestExecutionListener, org.springframework.boot.test.autoconfigure.web.servlet.MockMvcPrintOnlyOnFailureTestExecutionListener, org.springframework.boot.test.autoconfigure.web.servlet.WebDriverTestExecutionListener, org.springframework.test.context.web.ServletTestExecutionListener, org.springframework.test.context.support.DirtiesContextBeforeModesTestExecutionListener, org.springframework.test.context.support.DependencyInjectionTestExecutionListener, org.springframework.test.context.support.DirtiesContextTestExecutionListener, org.springframework.test.context.transaction.TransactionalTestExecutionListener, org.springframework.test.context.jdbc.SqlScriptsTestExecutionListener]
17:16:11.311 [main] INFO org.springframework.test.context.support.DefaultTestContextBootstrapper - Could not instantiate TestExecutionListener [org.springframework.test.context.web.ServletTestExecutionListener]. Specify custom listener classes or make the default listener classes (and their required dependencies) available. Offending class: [javax/servlet/ServletContext]
17:16:11.327 [main] INFO org.springframework.test.context.support.DefaultTestContextBootstrapper - Using TestExecutionListeners: [org.springframework.test.context.support.DirtiesContextBeforeModesTestExecutionListener@305fd85d, org.springframework.test.context.support.DependencyInjectionTestExecutionListener@458c1321, org.springframework.test.context.support.DirtiesContextTestExecutionListener@11438d26, org.springframework.test.context.transaction.TransactionalTestExecutionListener@34cd072c, org.springframework.test.context.jdbc.SqlScriptsTestExecutionListener@7a1ebcd8, org.springframework.boot.test.autoconfigure.web.servlet.WebDriverTestExecutionListener@5faeada1, org.springframework.boot.test.autoconfigure.web.client.MockRestServiceServerResetTestExecutionListener@528931cf, org.springframework.boot.test.mock.mockito.MockitoTestExecutionListener@ea1a8d5, org.springframework.boot.test.mock.mockito.ResetMocksTestExecutionListener@1563da5, org.springframework.boot.test.autoconfigure.web.servlet.MockMvcPrintOnlyOnFailureTestExecutionListener@2bbf4b8b, org.springframework.boot.test.autoconfigure.restdocs.RestDocsTestExecutionListener@30a3107a]
17:16:11.327 [main] DEBUG org.springframework.test.annotation.ProfileValueUtils - Retrieved @ProfileValueSourceConfiguration [null] for test class [bc.bg.tools.chronos.configuration.SampleActuatorNoWebApplicationTests]
17:16:11.327 [main] DEBUG org.springframework.test.annotation.ProfileValueUtils - Retrieved ProfileValueSource type [class org.springframework.test.annotation.SystemProfileValueSource] for class [bc.bg.tools.chronos.configuration.SampleActuatorNoWebApplicationTests]
17:16:11.327 [main] DEBUG org.springframework.test.context.junit4.SpringJUnit4ClassRunner - SpringJUnit4ClassRunner constructor called with [class bc.bg.tools.chronos.configuration.SampleActuatorNoWebApplicationTests]
17:16:11.327 [main] DEBUG org.springframework.test.context.BootstrapUtils - Instantiating CacheAwareContextLoaderDelegate from class [org.springframework.test.context.cache.DefaultCacheAwareContextLoaderDelegate]
17:16:11.327 [main] DEBUG org.springframework.test.context.BootstrapUtils - Instantiating BootstrapContext using constructor [public org.springframework.test.context.support.DefaultBootstrapContext(java.lang.Class,org.springframework.test.context.CacheAwareContextLoaderDelegate)]
17:16:11.327 [main] DEBUG org.springframework.test.context.BootstrapUtils - Instantiating TestContextBootstrapper for test class [bc.bg.tools.chronos.configuration.SampleActuatorNoWebApplicationTests] from class [org.springframework.test.context.support.DefaultTestContextBootstrapper]
17:16:11.327 [main] INFO org.springframework.test.context.support.DefaultTestContextBootstrapper - Neither @ContextConfiguration nor @ContextHierarchy found for test class [bc.bg.tools.chronos.configuration.SampleActuatorNoWebApplicationTests], using DelegatingSmartContextLoader
17:16:11.327 [main] DEBUG org.springframework.test.context.support.AbstractDelegatingSmartContextLoader - Delegating to GenericXmlContextLoader to process context configuration [ContextConfigurationAttributes@3dfc5fb8 declaringClass = 'bc.bg.tools.chronos.configuration.SampleActuatorNoWebApplicationTests', classes = '{}', locations = '{}', inheritLocations = false, initializers = '{}', inheritInitializers = true, name = [null], contextLoaderClass = 'org.springframework.test.context.ContextLoader'].
17:16:11.327 [main] DEBUG org.springframework.test.context.support.AbstractContextLoader - Did not detect default resource location for test class [bc.bg.tools.chronos.configuration.SampleActuatorNoWebApplicationTests]: class path resource [bc/bg/tools/chronos/configuration/SampleActuatorNoWebApplicationTests-context.xml] does not exist
17:16:11.327 [main] INFO org.springframework.test.context.support.AbstractContextLoader - Could not detect default resource locations for test class [bc.bg.tools.chronos.configuration.SampleActuatorNoWebApplicationTests]: no resource found for suffixes {-context.xml}.
17:16:11.327 [main] DEBUG org.springframework.test.context.support.AbstractDelegatingSmartContextLoader - Delegating to AnnotationConfigContextLoader to process context configuration [ContextConfigurationAttributes@3dfc5fb8 declaringClass = 'bc.bg.tools.chronos.configuration.SampleActuatorNoWebApplicationTests', classes = '{}', locations = '{}', inheritLocations = false, initializers = '{}', inheritInitializers = true, name = [null], contextLoaderClass = 'org.springframework.test.context.ContextLoader'].
17:16:11.327 [main] INFO org.springframework.test.context.support.AnnotationConfigContextLoaderUtils - Could not detect default configuration classes for test class [bc.bg.tools.chronos.configuration.SampleActuatorNoWebApplicationTests]: SampleActuatorNoWebApplicationTests does not declare any static, non-private, non-final, nested classes annotated with @Configuration.
17:16:11.342 [main] DEBUG org.springframework.test.context.support.ActiveProfilesUtils - Could not find an 'annotation declaring class' for annotation type [org.springframework.test.context.ActiveProfiles] and class [bc.bg.tools.chronos.configuration.SampleActuatorNoWebApplicationTests]
17:16:11.342 [main] DEBUG org.springframework.test.context.support.DefaultTestContextBootstrapper - @TestExecutionListeners is not present for class [bc.bg.tools.chronos.configuration.SampleActuatorNoWebApplicationTests]: using defaults.
17:16:11.342 [main] INFO org.springframework.test.context.support.DefaultTestContextBootstrapper - Loaded default TestExecutionListener class names from location [META-INF/spring.factories]: [org.springframework.boot.test.mock.mockito.MockitoTestExecutionListener, org.springframework.boot.test.mock.mockito.ResetMocksTestExecutionListener, org.springframework.boot.test.autoconfigure.restdocs.RestDocsTestExecutionListener, org.springframework.boot.test.autoconfigure.web.client.MockRestServiceServerResetTestExecutionListener, org.springframework.boot.test.autoconfigure.web.servlet.MockMvcPrintOnlyOnFailureTestExecutionListener, org.springframework.boot.test.autoconfigure.web.servlet.WebDriverTestExecutionListener, org.springframework.test.context.web.ServletTestExecutionListener, org.springframework.test.context.support.DirtiesContextBeforeModesTestExecutionListener, org.springframework.test.context.support.DependencyInjectionTestExecutionListener, org.springframework.test.context.support.DirtiesContextTestExecutionListener, org.springframework.test.context.transaction.TransactionalTestExecutionListener, org.springframework.test.context.jdbc.SqlScriptsTestExecutionListener]
17:16:11.342 [main] INFO org.springframework.test.context.support.DefaultTestContextBootstrapper - Could not instantiate TestExecutionListener [org.springframework.test.context.web.ServletTestExecutionListener]. Specify custom listener classes or make the default listener classes (and their required dependencies) available. Offending class: [javax/servlet/ServletContext]
17:16:11.342 [main] INFO org.springframework.test.context.support.DefaultTestContextBootstrapper - Using TestExecutionListeners: [org.springframework.test.context.support.DirtiesContextBeforeModesTestExecutionListener@4abdb505, org.springframework.test.context.support.DependencyInjectionTestExecutionListener@7ce6a65d, org.springframework.test.context.support.DirtiesContextTestExecutionListener@1500955a, org.springframework.test.context.transaction.TransactionalTestExecutionListener@e874448, org.springframework.test.context.jdbc.SqlScriptsTestExecutionListener@29b5cd00, org.springframework.boot.test.autoconfigure.web.servlet.WebDriverTestExecutionListener@60285225, org.springframework.boot.test.autoconfigure.web.client.MockRestServiceServerResetTestExecutionListener@7113b13f, org.springframework.boot.test.mock.mockito.MockitoTestExecutionListener@45820e51, org.springframework.boot.test.mock.mockito.ResetMocksTestExecutionListener@42d8062c, org.springframework.boot.test.autoconfigure.web.servlet.MockMvcPrintOnlyOnFailureTestExecutionListener@6043cd28, org.springframework.boot.test.autoconfigure.restdocs.RestDocsTestExecutionListener@cb51256]
17:16:11.342 [main] DEBUG org.springframework.test.annotation.ProfileValueUtils - Retrieved @ProfileValueSourceConfiguration [null] for test class [bc.bg.tools.chronos.configuration.SampleActuatorNoWebApplicationTests]
17:16:11.342 [main] DEBUG org.springframework.test.annotation.ProfileValueUtils - Retrieved ProfileValueSource type [class org.springframework.test.annotation.SystemProfileValueSource] for class [bc.bg.tools.chronos.configuration.SampleActuatorNoWebApplicationTests]
17:16:11.342 [main] DEBUG org.springframework.test.annotation.ProfileValueUtils - Retrieved @ProfileValueSourceConfiguration [null] for test class [bc.bg.tools.chronos.configuration.SampleActuatorNoWebApplicationTests]
17:16:11.342 [main] DEBUG org.springframework.test.annotation.ProfileValueUtils - Retrieved ProfileValueSource type [class org.springframework.test.annotation.SystemProfileValueSource] for class [bc.bg.tools.chronos.configuration.SampleActuatorNoWebApplicationTests]
]]></system-out>
  </testcase>
</testsuite>